This is LuaHBTeX, Version 1.16.0 (TeX Live 2023)  (format=lualatex 2023.3.23)  19 DEC 2023 09:27
 restricted system commands enabled.
 file:line:error style messages enabled.
**RegToMean.ltx
(./RegToMean.ltx
LaTeX2e <2022-11-01> patch level 1
Lua module: luaotfload 2022-10-03 3.23 Lua based OpenType font support
Lua module: lualibs 2022-10-04 2.75 ConTeXt Lua standard libraries.
Lua module: lualibs-extended 2022-10-04 2.75 ConTeXt Lua libraries -- extended c
ollection.
luaotfload | conf : Root cache directory is "/home/meichtry/.texlive2023/texmf-v
ar/luatex-cache/generic/names".
luaotfload | init : Loading fontloader "fontloader-2022-10-03.lua" from kpse-res
olved path "/usr/local/texlive/2023/texmf-dist/tex/luatex/luaotfload/fontloader-
2022-10-03.lua".
Lua-only attribute luaotfload@noligature = 1
luaotfload | init : Context OpenType loader version 3.120
Inserting `luaotfload.node_processor' in `pre_linebreak_filter'.
Inserting `luaotfload.node_processor' in `hpack_filter'.
Inserting `luaotfload.glyph_stream' in `glyph_stream_provider'.
Inserting `luaotfload.define_font' in `define_font'.
Lua-only attribute luaotfload_color_attribute = 2
luaotfload | conf : Root cache directory is "/home/meichtry/.texlive2023/texmf-v
ar/luatex-cache/generic/names".
Inserting `luaotfload.harf.strip_prefix' in `find_opentype_file'.
Inserting `luaotfload.harf.strip_prefix' in `find_truetype_file'.
Removing  `luaotfload.glyph_stream' from `glyph_stream_provider'.
Inserting `luaotfload.harf.glyphstream' in `glyph_stream_provider'.
Inserting `luaotfload.harf.finalize_vlist' in `post_linebreak_filter'.
Inserting `luaotfload.harf.finalize_hlist' in `hpack_filter'.
Inserting `luaotfload.cleanup_files' in `wrapup_run'.
Inserting `luaotfload.harf.finalize_unicode' in `finish_pdffile'.
Inserting `luaotfload.glyphinfo' in `glyph_info'.
Lua-only attribute luaotfload.letterspace_done = 3
Inserting `luaotfload.aux.set_sscale_dimens' in `luaotfload.patch_font'.
Inserting `luaotfload.aux.set_font_index' in `luaotfload.patch_font'.
Inserting `luaotfload.aux.patch_cambria_domh' in `luaotfload.patch_font'.
Inserting `luaotfload.aux.fixup_fontdata' in `luaotfload.patch_font_unsafe'.
Inserting `luaotfload.aux.set_capheight' in `luaotfload.patch_font'.
Inserting `luaotfload.aux.set_xheight' in `luaotfload.patch_font'.
Inserting `luaotfload.rewrite_fontname' in `luaotfload.patch_font'. L3 programm
ing layer <2023-02-22>
Inserting `tracingstacklevels' in `input_level_string'.
(/usr/local/texlive/2023/texmf-dist/tex/latex/koma-script/scrartcl.cls
Document Class: scrartcl 2022/10/12 v3.38 KOMA-Script document class (article)
(/usr/local/texlive/2023/texmf-dist/tex/latex/koma-script/scrkbase.sty
Package: scrkbase 2022/10/12 v3.38 KOMA-Script package (KOMA-Script-dependent b
asics and keyval usage)

(/usr/local/texlive/2023/texmf-dist/tex/latex/koma-script/scrbase.sty
Package: scrbase 2022/10/12 v3.38 KOMA-Script package (KOMA-Script-independent 
basics and keyval usage)

(/usr/local/texlive/2023/texmf-dist/tex/latex/koma-script/scrlfile.sty
Package: scrlfile 2022/10/12 v3.38 KOMA-Script package (file load hooks)

(/usr/local/texlive/2023/texmf-dist/tex/latex/koma-script/scrlfile-hook.sty
Package: scrlfile-hook 2022/10/12 v3.38 KOMA-Script package (using LaTeX hooks)


(/usr/local/texlive/2023/texmf-dist/tex/latex/koma-script/scrlogo.sty
Package: scrlogo 2022/10/12 v3.38 KOMA-Script package (logo)
)))
(/usr/local/texlive/2023/texmf-dist/tex/latex/graphics/keyval.sty
Package: keyval 2022/05/29 v1.15 key=value parser (DPC)
\KV@toks@=\toks16
)
Applying: [2021/05/01] Usage of raw or classic option list on input line 252.
Already applied: [0000/00/00] Usage of raw or classic option list on input line
 368.
))
(/usr/local/texlive/2023/texmf-dist/tex/latex/koma-script/tocbasic.sty
Package: tocbasic 2022/10/12 v3.38 KOMA-Script package (handling toc-files)
\scr@dte@tocline@numberwidth=\skip48
\scr@dte@tocline@numbox=\box51
)
Package tocbasic Info: omitting babel extension for `toc'
(tocbasic)             because of feature `nobabel' available
(tocbasic)             for `toc' on input line 135.
Class scrartcl Info: File `scrsize11pt.clo' used instead of
(scrartcl)           file `scrsize11.clo' to setup font sizes on input line 236
7.

(/usr/local/texlive/2023/texmf-dist/tex/latex/koma-script/scrsize11pt.clo
File: scrsize11pt.clo 2022/10/12 v3.38 KOMA-Script font size class option (11pt
)
luaotfload | db : Font names database loaded from /home/meichtry/.texlive2023/te
xmf-var/luatex-cache/generic/names/luaotfload-names.luc.gz)
(/usr/local/texlive/2023/texmf-dist/tex/latex/koma-script/typearea.sty
Package: typearea 2022/10/12 v3.38 KOMA-Script package (type area)
\ta@bcor=\skip49
\ta@div=\count183
\ta@hblk=\skip50
\ta@vblk=\skip51
\ta@temp=\skip52
\footheight=\skip53
Package typearea Info: These are the values describing the layout:
(typearea)             DIV  = 10
(typearea)             BCOR = 0.0pt
(typearea)             \paperwidth      = 597.50793pt
(typearea)              \textwidth      = 418.25555pt
(typearea)              DIV departure   = -6%
(typearea)              \evensidemargin = 17.3562pt
(typearea)              \oddsidemargin  = 17.3562pt
(typearea)             \paperheight     = 845.04694pt
(typearea)              \textheight     = 595.80026pt
(typearea)              \topmargin      = -25.16531pt
(typearea)              \headheight     = 17.0pt
(typearea)              \headsep        = 20.40001pt
(typearea)              \topskip        = 11.0pt
(typearea)              \footskip       = 47.6pt
(typearea)              \baselineskip   = 13.6pt
(typearea)              on input line 1767.
)
\c@part=\count184
\c@section=\count185
\c@subsection=\count186
\c@subsubsection=\count187
\c@paragraph=\count188
\c@subparagraph=\count189
\scr@dte@section@maxnumwidth=\skip54
Class scrartcl Info: using compatibility default `runin=bysign'
(scrartcl)           for `\section on input line 4994.
Class scrartcl Info: using compatibility default `afterindent=bysign'
(scrartcl)           for `\section on input line 4994.
\scr@dte@part@maxnumwidth=\skip55
Class scrartcl Info: using compatibility default `afterindent=false'
(scrartcl)           for `\part on input line 5002.
\scr@dte@subsection@maxnumwidth=\skip56
Class scrartcl Info: using compatibility default `runin=bysign'
(scrartcl)           for `\subsection on input line 5012.
Class scrartcl Info: using compatibility default `afterindent=bysign'
(scrartcl)           for `\subsection on input line 5012.
\scr@dte@subsubsection@maxnumwidth=\skip57
Class scrartcl Info: using compatibility default `runin=bysign'
(scrartcl)           for `\subsubsection on input line 5022.
Class scrartcl Info: using compatibility default `afterindent=bysign'
(scrartcl)           for `\subsubsection on input line 5022.
\scr@dte@paragraph@maxnumwidth=\skip58
Class scrartcl Info: using compatibility default `runin=bysign'
(scrartcl)           for `\paragraph on input line 5033.
Class scrartcl Info: using compatibility default `afterindent=bysign'
(scrartcl)           for `\paragraph on input line 5033.
\scr@dte@subparagraph@maxnumwidth=\skip59
Class scrartcl Info: using compatibility default `runin=bysign'
(scrartcl)           for `\subparagraph on input line 5043.
Class scrartcl Info: using compatibility default `afterindent=bysign'
(scrartcl)           for `\subparagraph on input line 5043.
\abovecaptionskip=\skip60
\belowcaptionskip=\skip61
\c@pti@nb@sid@b@x=\box52
Package tocbasic Info: omitting babel extension for `lof'
(tocbasic)             because of feature `nobabel' available
(tocbasic)             for `lof' on input line 6211.
\scr@dte@figure@maxnumwidth=\skip62
\c@figure=\count190
Package tocbasic Info: omitting babel extension for `lot'
(tocbasic)             because of feature `nobabel' available
(tocbasic)             for `lot' on input line 6227.
\scr@dte@table@maxnumwidth=\skip63
\c@table=\count191
Class scrartcl Info: Redefining `\numberline' on input line 6397.
\bibindent=\dimen139
)
(/usr/local/texlive/2023/texmf-dist/tex/latex/graphics/graphicx.sty
Package: graphicx 2021/09/16 v1.2d Enhanced LaTeX Graphics (DPC,SPQR)

(/usr/local/texlive/2023/texmf-dist/tex/latex/graphics/graphics.sty
Package: graphics 2022/03/10 v1.4e Standard LaTeX Graphics (DPC,SPQR)

(/usr/local/texlive/2023/texmf-dist/tex/latex/graphics/trig.sty
Package: trig 2021/08/11 v1.11 sin cos tan (DPC)
)
(/usr/local/texlive/2023/texmf-dist/tex/latex/graphics-cfg/graphics.cfg
File: graphics.cfg 2016/06/04 v1.11 sample graphics configuration
)
Package graphics Info: Driver file: luatex.def on input line 107.

(/usr/local/texlive/2023/texmf-dist/tex/latex/graphics-def/luatex.def
File: luatex.def 2022/09/22 v1.2d Graphics/color driver for luatex
))
\Gin@req@height=\dimen140
\Gin@req@width=\dimen141
)
(/usr/local/texlive/2023/texmf-dist/tex/latex/graphics/color.sty
Package: color 2022/01/06 v1.3d Standard LaTeX Color (DPC)

(/usr/local/texlive/2023/texmf-dist/tex/latex/graphics-cfg/color.cfg
File: color.cfg 2016/01/02 v1.6 sample color configuration
)
Package color Info: Driver file: luatex.def on input line 149.

(/usr/local/texlive/2023/texmf-dist/tex/latex/graphics/mathcolor.ltx))
(/usr/local/texlive/2023/texmf-dist/tex/latex/framed/framed.sty
Package: framed 2011/10/22 v 0.96: framed or shaded text with page breaks
\OuterFrameSep=\skip64
\fb@frw=\dimen142
\fb@frh=\dimen143
\FrameRule=\dimen144
\FrameSep=\dimen145
)
(/usr/local/texlive/2023/texmf-dist/tex/latex/base/alltt.sty
Package: alltt 2021/01/29 v2.0g defines alltt environment
)
(/home/meichtry/texmf/tex/latex/texab.sty
Package: texab 

LaTeX Abkuerzungen
(/usr/local/texlive/2023/texmf-dist/tex/latex/amsmath/amsmath.sty
Package: amsmath 2022/04/08 v2.17n AMS math features
\@mathmargin=\skip65

For additional information on amsmath, use the `?' option.
(/usr/local/texlive/2023/texmf-dist/tex/latex/amsmath/amstext.sty
Package: amstext 2021/08/26 v2.01 AMS text

(/usr/local/texlive/2023/texmf-dist/tex/latex/amsmath/amsgen.sty
File: amsgen.sty 1999/11/30 v2.0 generic functions
\@emptytoks=\toks17
\ex@=\dimen146
))
(/usr/local/texlive/2023/texmf-dist/tex/latex/amsmath/amsbsy.sty
Package: amsbsy 1999/11/29 v1.2d Bold Symbols
\pmbraise@=\dimen147
)
(/usr/local/texlive/2023/texmf-dist/tex/latex/amsmath/amsopn.sty
Package: amsopn 2022/04/08 v2.04 operator names
)
\inf@bad=\count192
LaTeX Info: Redefining \frac on input line 236.
\uproot@=\count193
\leftroot@=\count194
LaTeX Info: Redefining \overline on input line 399.
LaTeX Info: Redefining \colon on input line 410.
\classnum@=\count195
\DOTSCASE@=\count196
LaTeX Info: Redefining \ldots on input line 496.
LaTeX Info: Redefining \dots on input line 499.
LaTeX Info: Redefining \cdots on input line 620.
\Mathstrutbox@=\box53
\strutbox@=\box54
LaTeX Info: Redefining \big on input line 722.
LaTeX Info: Redefining \Big on input line 723.
LaTeX Info: Redefining \bigg on input line 724.
LaTeX Info: Redefining \Bigg on input line 725.
\big@size=\dimen148
LaTeX Font Info:    Redeclaring font encoding OML on input line 743.
LaTeX Font Info:    Redeclaring font encoding OMS on input line 744.
\macc@depth=\count197
LaTeX Info: Redefining \bmod on input line 905.
LaTeX Info: Redefining \pmod on input line 910.
LaTeX Info: Redefining \smash on input line 940.
LaTeX Info: Redefining \relbar on input line 970.
LaTeX Info: Redefining \Relbar on input line 971.
\c@MaxMatrixCols=\count198
\dotsspace@=\muskip16
\c@parentequation=\count199
\dspbrk@lvl=\count266
\tag@help=\toks18
\row@=\count267
\column@=\count268
\maxfields@=\count269
\andhelp@=\toks19
\eqnshift@=\dimen149
\alignsep@=\dimen150
\tagshift@=\dimen151
\tagwidth@=\dimen152
\totwidth@=\dimen153
\lineht@=\dimen154
\@envbody=\toks20
\multlinegap=\skip66
\multlinetaggap=\skip67
\mathdisplay@stack=\toks21
LaTeX Info: Redefining \[ on input line 2953.
LaTeX Info: Redefining \] on input line 2954.
)
(/usr/local/texlive/2023/texmf-dist/tex/latex/amsfonts/amssymb.sty
Package: amssymb 2013/01/14 v3.01 AMS font symbols

(/usr/local/texlive/2023/texmf-dist/tex/latex/amsfonts/amsfonts.sty
Package: amsfonts 2013/01/14 v3.01 Basic AMSFonts support
\symAMSa=\mathgroup4
\symAMSb=\mathgroup5
LaTeX Font Info:    Redeclaring math symbol \hbar on input line 98.
LaTeX Font Info:    Overwriting math alphabet `\mathfrak' in version `bold'
(Font)                  U/euf/m/n --> U/euf/b/n on input line 106.
))
(/usr/local/texlive/2023/texmf-dist/tex/latex/amscls/amsthm.sty
Package: amsthm 2020/05/29 v2.20.6
\thm@style=\toks22
\thm@bodyfont=\toks23
\thm@headfont=\toks24
\thm@notefont=\toks25
\thm@headpunct=\toks26
\thm@preskip=\skip68
\thm@postskip=\skip69
\thm@headsep=\skip70
\dth@everypar=\toks27
)
(/usr/local/texlive/2023/texmf-dist/tex/latex/xpatch/xpatch.sty
(/usr/local/texlive/2023/texmf-dist/tex/latex/l3kernel/expl3.sty
Package: expl3 2023-02-22 L3 programming layer (loader) 

(/usr/local/texlive/2023/texmf-dist/tex/latex/l3backend/l3backend-luatex.def
File: l3backend-luatex.def 2023-01-16 L3 backend support: PDF output (LuaTeX)
\l__color_backend_stack_int=\count270
\l__pdf_internal_box=\box55
))
Package: xpatch 2020/03/25 v0.3a Extending etoolbox patching commands

(/usr/local/texlive/2023/texmf-dist/tex/latex/l3packages/xparse/xparse.sty
Package: xparse 2023-02-02 L3 Experimental document command parser
)
(/usr/local/texlive/2023/texmf-dist/tex/latex/etoolbox/etoolbox.sty
Package: etoolbox 2020/10/05 v2.5k e-TeX tools for LaTeX (JAW)
\etb@tempcnta=\count271
))
Class scrartcl Info: amsthm's \deferred@thm@head patched.

(/usr/local/texlive/2023/texmf-dist/tex/latex/relsize/relsize.sty
Package: relsize 2013/03/29 ver 4.1
)
(/usr/local/texlive/2023/texmf-dist/tex/latex/base/exscale.sty
Package: exscale 2018/09/24 v2.1i Standard LaTeX package exscale
LaTeX Font Info:    Redeclaring symbol font `largesymbols' on input line 57.
LaTeX Font Info:    Overwriting symbol font `largesymbols' in version `normal'
(Font)                  OMX/cmex/m/n --> OMX/cmex/m/n on input line 57.
LaTeX Font Info:    Overwriting symbol font `largesymbols' in version `bold'
(Font)                  OMX/cmex/m/n --> OMX/cmex/m/n on input line 57.
\big@size=\dimen155
)
(/usr/local/texlive/2023/texmf-dist/tex/latex/base/ifthen.sty
Package: ifthen 2022/04/13 v1.1d Standard LaTeX ifthen package (DPC)
)
\Lvneed=\skip71
\LLongpage=\skip72
\Lenlarge=\skip73
\Litemskip=\skip74
\Litemwidth=\skip75
)
(./RegToMean.aux)
\openout1 = RegToMean.aux

LaTeX Font Info:    Checking defaults for OML/cmm/m/it on input line 84.
LaTeX Font Info:    ... okay on input line 84.
LaTeX Font Info:    Checking defaults for OMS/cmsy/m/n on input line 84.
LaTeX Font Info:    ... okay on input line 84.
LaTeX Font Info:    Checking defaults for OT1/cmr/m/n on input line 84.
LaTeX Font Info:    ... okay on input line 84.
LaTeX Font Info:    Checking defaults for T1/cmr/m/n on input line 84.
LaTeX Font Info:    ... okay on input line 84.
LaTeX Font Info:    Checking defaults for TS1/cmr/m/n on input line 84.
LaTeX Font Info:    Trying to load font information for TS1+cmr on input line 8
4.
 (/usr/local/texlive/2023/texmf-dist/tex/latex/base/ts1cmr.fd
File: ts1cmr.fd 2022/07/10 v2.5l Standard LaTeX font definitions
)
LaTeX Font Info:    ... okay on input line 84.
LaTeX Font Info:    Checking defaults for TU/lmr/m/n on input line 84.
LaTeX Font Info:    ... okay on input line 84.
LaTeX Font Info:    Checking defaults for OMX/cmex/m/n on input line 84.
LaTeX Font Info:    ... okay on input line 84.
LaTeX Font Info:    Checking defaults for U/cmr/m/n on input line 84.
LaTeX Font Info:    ... okay on input line 84.
Package scrbase Info: activating english \abstractname on input line 84.
Package scrbase Info: activating english \partname on input line 84.
Package scrbase Info: activating english \figurename on input line 84.
Package scrbase Info: activating english \tablename on input line 84.
Package scrbase Info: activating english \contentsname on input line 84.
Package scrbase Info: activating english \listfigurename on input line 84.
Package scrbase Info: activating english \listtablename on input line 84.
Package scrbase Info: activating english \refname on input line 84.
Package scrbase Info: activating english \indexname on input line 84.
(/usr/local/texlive/2023/texmf-dist/tex/context/base/mkii/supp-pdf.mkii
[Loading MPS to PDF converter (version 2006.09.02).]
\scratchcounter=\count272
\scratchdimen=\dimen156
\scratchbox=\box56
\nofMPsegments=\count273
\nofMParguments=\count274
\everyMPshowfont=\toks28
\MPscratchCnt=\count275
\MPscratchDim=\dimen157
\MPnumerator=\count276
\makeMPintoPDFobject=\count277
\everyMPtoPDFconversion=\toks29
) (/usr/local/texlive/2023/texmf-dist/tex/latex/epstopdf-pkg/epstopdf-base.sty
Package: epstopdf-base 2020-01-24 v2.11 Base part for package epstopdf
Package epstopdf-base Info: Redefining graphics rule for `.eps' on input line 4
85.

(/usr/local/texlive/2023/texmf-dist/tex/latex/latexconfig/epstopdf-sys.cfg
File: epstopdf-sys.cfg 2010/07/13 v1.3 Configuration of (r)epstopdf for TeX Liv
e
))
LaTeX Font Info:    External font `cmex7' loaded for size
(Font)              <7> on input line 89.
LaTeX Font Info:    Trying to load font information for U+msa on input line 89.


(/usr/local/texlive/2023/texmf-dist/tex/latex/amsfonts/umsa.fd
File: umsa.fd 2013/01/14 v3.01 AMS symbols A
)
LaTeX Font Info:    Trying to load font information for U+msb on input line 89.


(/usr/local/texlive/2023/texmf-dist/tex/latex/amsfonts/umsb.fd
File: umsb.fd 2013/01/14 v3.01 AMS symbols B
)
LaTeX Font Info:    Font shape `TU/lmss/m/it' in size <10> not available
(Font)              Font shape `TU/lmss/m/sl' tried instead on input line 91.
LaTeX Font Info:    External font `cmex7' loaded for size
(Font)              <6> on input line 91.
LaTeX Font Info:    External font `cmex7' loaded for size
(Font)              <5> on input line 91.
Package color Info: Redefining color shadecolor on input line 152.
<figures/unnamed-chunk-2-1.pdf, id=1, 505.89pt x 505.89pt>
File: figures/unnamed-chunk-2-1.pdf Graphic file (type pdf)
<use figures/unnamed-chunk-2-1.pdf>
Package luatex.def Info: figures/unnamed-chunk-2-1.pdf  used on input line 154.

(luatex.def)             Requested size: 204.94751pt x 204.94608pt.
<figures/unnamed-chunk-2-2.pdf, id=2, 505.89pt x 505.89pt>
File: figures/unnamed-chunk-2-2.pdf Graphic file (type pdf)
<use figures/unnamed-chunk-2-2.pdf>
Package luatex.def Info: figures/unnamed-chunk-2-2.pdf  used on input line 155.

(luatex.def)             Requested size: 204.94751pt x 204.94608pt.
<figures/unnamed-chunk-2-3.pdf, id=3, 505.89pt x 505.89pt>
File: figures/unnamed-chunk-2-3.pdf Graphic file (type pdf)
<use figures/unnamed-chunk-2-3.pdf>
Package luatex.def Info: figures/unnamed-chunk-2-3.pdf  used on input line 156.

(luatex.def)             Requested size: 204.94751pt x 204.94608pt.
<figures/unnamed-chunk-2-4.pdf, id=4, 505.89pt x 505.89pt>
File: figures/unnamed-chunk-2-4.pdf Graphic file (type pdf)
<use figures/unnamed-chunk-2-4.pdf>
Package luatex.def Info: figures/unnamed-chunk-2-4.pdf  used on input line 157.

(luatex.def)             Requested size: 204.94751pt x 204.94608pt.
 [1


{/usr/local/texlive/2023/texmf-var/fonts/map/pdftex/updmap/pdftex.map}] [2<./fig
ures/unnamed-chunk-2-1.pdf><./figures/unnamed-chunk-2-2.pdf><./figures/unnamed-c
hunk-2-3.pdf><./figures/unnamed-chunk-2-4.pdf>]
Package color Info: Redefining color shadecolor on input line 211.
<figures/unnamed-chunk-4-1.pdf, id=55, 505.89pt x 505.89pt>
File: figures/unnamed-chunk-4-1.pdf Graphic file (type pdf)
<use figures/unnamed-chunk-4-1.pdf>
Package luatex.def Info: figures/unnamed-chunk-4-1.pdf  used on input line 213.

(luatex.def)             Requested size: 204.94751pt x 204.94608pt.
<figures/unnamed-chunk-4-2.pdf, id=56, 505.89pt x 505.89pt>
File: figures/unnamed-chunk-4-2.pdf Graphic file (type pdf)
<use figures/unnamed-chunk-4-2.pdf>
Package luatex.def Info: figures/unnamed-chunk-4-2.pdf  used on input line 214.

(luatex.def)             Requested size: 204.94751pt x 204.94608pt.
 [3<./figures/unnamed-chunk-4-1.pdf><./figures/unnamed-chunk-4-2.pdf>]
Package color Info: Redefining color shadecolor on input line 238.
<figures/unnamed-chunk-5-1.pdf, id=68, 505.89pt x 505.89pt>
File: figures/unnamed-chunk-5-1.pdf Graphic file (type pdf)
<use figures/unnamed-chunk-5-1.pdf>
Package luatex.def Info: figures/unnamed-chunk-5-1.pdf  used on input line 240.

(luatex.def)             Requested size: 204.94751pt x 204.94608pt.
<figures/unnamed-chunk-5-2.pdf, id=69, 505.89pt x 505.89pt>
File: figures/unnamed-chunk-5-2.pdf Graphic file (type pdf)
<use figures/unnamed-chunk-5-2.pdf>
Package luatex.def Info: figures/unnamed-chunk-5-2.pdf  used on input line 241.

(luatex.def)             Requested size: 204.94751pt x 204.94608pt.
Package color Info: Redefining color shadecolor on input line 255.
<figures/unnamed-chunk-6-1.pdf, id=70, 505.89pt x 505.89pt>
File: figures/unnamed-chunk-6-1.pdf Graphic file (type pdf)
<use figures/unnamed-chunk-6-1.pdf>
Package luatex.def Info: figures/unnamed-chunk-6-1.pdf  used on input line 257.

(luatex.def)             Requested size: 204.94751pt x 204.94608pt.
<figures/unnamed-chunk-6-2.pdf, id=71, 505.89pt x 505.89pt>
File: figures/unnamed-chunk-6-2.pdf Graphic file (type pdf)
<use figures/unnamed-chunk-6-2.pdf>
Package luatex.def Info: figures/unnamed-chunk-6-2.pdf  used on input line 258.

(luatex.def)             Requested size: 204.94751pt x 204.94608pt.
 [4<./figures/unnamed-chunk-5-1.pdf><./figures/unnamed-chunk-5-2.pdf><./figures/
unnamed-chunk-6-1.pdf><./figures/unnamed-chunk-6-2.pdf>]
Package color Info: Redefining color shadecolor on input line 271.
<figures/unnamed-chunk-7-1.pdf, id=91, 505.89pt x 505.89pt>
File: figures/unnamed-chunk-7-1.pdf Graphic file (type pdf)
<use figures/unnamed-chunk-7-1.pdf>
Package luatex.def Info: figures/unnamed-chunk-7-1.pdf  used on input line 273.

(luatex.def)             Requested size: 204.94751pt x 204.94608pt.
<figures/unnamed-chunk-7-2.pdf, id=92, 505.89pt x 505.89pt>
File: figures/unnamed-chunk-7-2.pdf Graphic file (type pdf)
<use figures/unnamed-chunk-7-2.pdf>
Package luatex.def Info: figures/unnamed-chunk-7-2.pdf  used on input line 274.

(luatex.def)             Requested size: 204.94751pt x 204.94608pt.
Package color Info: Redefining color shadecolor on input line 286.
<figures/unnamed-chunk-8-1.pdf, id=93, 505.89pt x 505.89pt>
File: figures/unnamed-chunk-8-1.pdf Graphic file (type pdf)
<use figures/unnamed-chunk-8-1.pdf>
Package luatex.def Info: figures/unnamed-chunk-8-1.pdf  used on input line 288.

(luatex.def)             Requested size: 204.94751pt x 204.94608pt.
<figures/unnamed-chunk-8-2.pdf, id=94, 505.89pt x 505.89pt>
File: figures/unnamed-chunk-8-2.pdf Graphic file (type pdf)
<use figures/unnamed-chunk-8-2.pdf>
Package luatex.def Info: figures/unnamed-chunk-8-2.pdf  used on input line 289.

(luatex.def)             Requested size: 204.94751pt x 204.94608pt.
 [5<./figures/unnamed-chunk-7-1.pdf><./figures/unnamed-chunk-7-2.pdf><./figures/
unnamed-chunk-8-1.pdf><./figures/unnamed-chunk-8-2.pdf>] [6]
(./RegToMean.aux))

Here is how much of LuaTeX's memory you used:
 7261 strings out of 478285
 100000,1977958 words of node,token memory allocated
 605 words of node memory still in use:
   6 hlist, 2 vlist, 2 rule, 4 glue, 4 kern, 1 glyph, 19 attribute, 63 glue_spec
, 19 attribute_list, 1 write nodes
   avail lists: 1:3,2:513,3:172,4:50,5:391,6:35,7:4080,8:38,9:379,10:8,11:274
 27110 multiletter control sequences out of 65536+600000
 77 fonts using 5684215 bytes
 108i,8n,100p,10670b,303s stack positions out of 10000i,1000n,20000p,200000b,200000s
</usr/local/texlive/2023/texmf-dist/fonts/opentype/public/lm/lmroman9-italic.otf
></usr/local/texlive/2023/texmf-dist/fonts/opentype/public/lm/lmroman9-regular.o
tf></usr/local/texlive/2023/texmf-dist/fonts/opentype/public/lm/lmroman6-regular
.otf></usr/local/texlive/2023/texmf-dist/fonts/opentype/public/lm/lmroman8-regul
ar.otf></usr/local/texlive/2023/texmf-dist/fonts/opentype/public/lm/lmroman10-it
alic.otf></usr/local/texlive/2023/texmf-dist/fonts/opentype/public/lm/lmroman10-
regular.otf></usr/local/texlive/2023/texmf-dist/fonts/opentype/public/lm/lmsans1
0-oblique.otf></usr/local/texlive/2023/texmf-dist/fonts/opentype/public/lm/lmsan
s10-regular.otf></usr/local/texlive/2023/texmf-dist/fonts/opentype/public/lm/lmr
oman12-regular.otf></usr/local/texlive/2023/texmf-dist/fonts/opentype/public/lm/
lmsans10-bold.otf></usr/local/texlive/2023/texmf-dist/fonts/type1/public/amsfont
s/cm/cmex10.pfb></usr/local/texlive/2023/texmf-dist/fonts/type1/public/amsfonts/
cmextra/cmex9.pfb></usr/local/texlive/2023/texmf-dist/fonts/type1/public/amsfont
s/cm/cmmi10.pfb></usr/local/texlive/2023/texmf-dist/fonts/type1/public/amsfonts/
cm/cmmi6.pfb></usr/local/texlive/2023/texmf-dist/fonts/type1/public/amsfonts/cm/
cmmi8.pfb></usr/local/texlive/2023/texmf-dist/fonts/type1/public/amsfonts/cm/cmm
i9.pfb></usr/local/texlive/2023/texmf-dist/fonts/type1/public/amsfonts/cm/cmr10.
pfb></usr/local/texlive/2023/texmf-dist/fonts/type1/public/amsfonts/cm/cmr6.pfb>
</usr/local/texlive/2023/texmf-dist/fonts/type1/public/amsfonts/cm/cmr8.pfb></us
r/local/texlive/2023/texmf-dist/fonts/type1/public/amsfonts/cm/cmr9.pfb></usr/lo
cal/texlive/2023/texmf-dist/fonts/type1/public/amsfonts/cm/cmsy10.pfb></usr/loca
l/texlive/2023/texmf-dist/fonts/type1/public/amsfonts/cm/cmsy8.pfb></usr/local/t
exlive/2023/texmf-dist/fonts/type1/public/amsfonts/cm/cmsy9.pfb>
Output written on RegToMean.pdf (6 pages, 631223 bytes).

PDF statistics: 220 PDF objects out of 1000 (max. 8388607)
 139 compressed objects within 2 object streams
 0 named destinations out of 1000 (max. 131072)
 1 words of extra memory for PDF output out of 10000 (max. 100000000)

